mode: set
Project-REST-API/delivery/controllers/task/task.go:18.48,22.2 1 1
Project-REST-API/delivery/controllers/task/task.go:24.50,25.36 1 1
Project-REST-API/delivery/controllers/task/task.go:25.36,28.17 2 1
Project-REST-API/delivery/controllers/task/task.go:32.3,32.91 1 1
Project-REST-API/delivery/controllers/task/task.go:28.17,30.4 1 1
Project-REST-API/delivery/controllers/task/task.go:36.54,37.36 1 1
Project-REST-API/delivery/controllers/task/task.go:37.36,42.17 3 1
Project-REST-API/delivery/controllers/task/task.go:46.3,46.90 1 1
Project-REST-API/delivery/controllers/task/task.go:42.17,44.4 1 1
Project-REST-API/delivery/controllers/task/task.go:50.59,51.36 1 1
Project-REST-API/delivery/controllers/task/task.go:51.36,54.39 3 1
Project-REST-API/delivery/controllers/task/task.go:58.3,60.17 2 1
Project-REST-API/delivery/controllers/task/task.go:64.3,64.100 1 1
Project-REST-API/delivery/controllers/task/task.go:54.39,56.4 1 1
Project-REST-API/delivery/controllers/task/task.go:60.17,62.4 1 1
Project-REST-API/delivery/controllers/task/task.go:68.53,69.36 1 1
Project-REST-API/delivery/controllers/task/task.go:69.36,73.42 3 1
Project-REST-API/delivery/controllers/task/task.go:77.3,79.17 2 1
Project-REST-API/delivery/controllers/task/task.go:83.3,83.90 1 1
Project-REST-API/delivery/controllers/task/task.go:73.42,75.4 1 1
Project-REST-API/delivery/controllers/task/task.go:79.17,81.4 1 1
Project-REST-API/delivery/controllers/task/task.go:87.53,88.36 1 1
Project-REST-API/delivery/controllers/task/task.go:88.36,93.17 3 1
Project-REST-API/delivery/controllers/task/task.go:97.3,97.90 1 1
Project-REST-API/delivery/controllers/task/task.go:93.17,95.4 1 1
Project-REST-API/delivery/controllers/task/task.go:101.60,102.36 1 0
Project-REST-API/delivery/controllers/task/task.go:102.36,107.17 3 0
Project-REST-API/delivery/controllers/task/task.go:111.3,111.87 1 0
Project-REST-API/delivery/controllers/task/task.go:107.17,109.4 1 0
