mode: set
Project-REST-API/delivery/controllers/user/user.go:17.48,21.2 1 1
Project-REST-API/delivery/controllers/user/user.go:23.50,24.36 1 1
Project-REST-API/delivery/controllers/user/user.go:24.36,27.17 2 1
Project-REST-API/delivery/controllers/user/user.go:31.3,31.91 1 1
Project-REST-API/delivery/controllers/user/user.go:27.17,29.4 1 1
Project-REST-API/delivery/controllers/user/user.go:34.54,35.36 1 1
Project-REST-API/delivery/controllers/user/user.go:35.36,40.17 3 1
Project-REST-API/delivery/controllers/user/user.go:44.3,44.87 1 1
Project-REST-API/delivery/controllers/user/user.go:40.17,42.4 1 1
Project-REST-API/delivery/controllers/user/user.go:48.59,49.36 1 1
Project-REST-API/delivery/controllers/user/user.go:49.36,52.39 2 1
Project-REST-API/delivery/controllers/user/user.go:56.3,58.17 2 1
Project-REST-API/delivery/controllers/user/user.go:62.3,62.100 1 1
Project-REST-API/delivery/controllers/user/user.go:52.39,54.4 1 0
Project-REST-API/delivery/controllers/user/user.go:58.17,60.4 1 1
Project-REST-API/delivery/controllers/user/user.go:65.52,66.36 1 1
Project-REST-API/delivery/controllers/user/user.go:66.36,69.39 2 1
Project-REST-API/delivery/controllers/user/user.go:73.3,75.17 2 1
Project-REST-API/delivery/controllers/user/user.go:79.3,79.90 1 1
Project-REST-API/delivery/controllers/user/user.go:69.39,71.4 1 0
Project-REST-API/delivery/controllers/user/user.go:75.17,77.4 1 1
Project-REST-API/delivery/controllers/user/user.go:82.53,83.36 1 1
Project-REST-API/delivery/controllers/user/user.go:83.36,87.42 3 1
Project-REST-API/delivery/controllers/user/user.go:91.3,93.17 2 1
Project-REST-API/delivery/controllers/user/user.go:97.3,97.90 1 1
Project-REST-API/delivery/controllers/user/user.go:87.42,89.4 1 0
Project-REST-API/delivery/controllers/user/user.go:93.17,95.4 1 1
Project-REST-API/delivery/controllers/user/user.go:101.53,102.36 1 1
Project-REST-API/delivery/controllers/user/user.go:102.36,107.17 3 1
Project-REST-API/delivery/controllers/user/user.go:111.3,111.90 1 1
Project-REST-API/delivery/controllers/user/user.go:107.17,109.4 1 1
